#
# A fatal error has been detected by the Java Runtime Environment:
#
#  EXCEPTION_ACCESS_VIOLATION (0xc0000005) at pc=0x0000000076ae7c6d, pid=15084, tid=0x0000000000004824
#
# JRE version: Java(TM) SE Runtime Environment (8.0_211-b12) (build 1.8.0_211-b12)
# Java VM: Java HotSpot(TM) 64-Bit Server VM (25.211-b12 mixed mode windows-amd64 compressed oops)
# Problematic frame:
# V  [jvm.dll+0xf7c6d]
#
# Failed to write core dump. Minidumps are not enabled by default on client versions of Windows
#
# If you would like to submit a bug report, please visit:
#   http://bugreport.java.com/bugreport/crash.jsp
#

---------------  T H R E A D  ---------------

Current thread (0x0000000018076800):  VMThread [stack: 0x0000000019d80000,0x0000000019e80000] [id=18468]

siginfo: ExceptionCode=0xc0000005, reading address 0x0000000000000010

Registers:
RAX=0x00000000000000ff, RBX=0x0000000000000000, RCX=0x0000000000000000, RDX=0x00000000207b28d8
RSP=0x0000000019e7edb0, RBP=0x0000000019e7eee0, RSI=0x000000000000ffff, RDI=0x000000001e62eaf0
R8 =0x0000000002f0cfc0, R9 =0x0000000000000003, R10=0x0000000000000003, R11=0x000000001e62f601
R12=0x0000000019e7ef70, R13=0x0000000019e7ef60, R14=0x0000000000000000, R15=0x0000000000000000
RIP=0x0000000076ae7c6d, EFLAGS=0x0000000000010202

Top of Stack: (sp=0x0000000019e7edb0)
0x0000000019e7edb0:   00000000000000b4 0000000019e7eee0
0x0000000019e7edc0:   00000000000000b4 0000000019e7ef80
0x0000000019e7edd0:   0000000000000005 0000000076bc53a0
0x0000000019e7ede0:   0000000000000000 00000000000000b4
0x0000000019e7edf0:   0000000000000001 0000000000000012
0x0000000019e7ee00:   0000000003a85d68 0000000003a8565a
0x0000000019e7ee10:   0000000003a85718 0000000076cf1bde
0x0000000019e7ee20:   0000000003a85d67 000000000000000a
0x0000000019e7ee30:   0000000019e7ee28 00007ff877010001
0x0000000019e7ee40:   0000000003a85720 0000000076a819cd
0x0000000019e7ee50:   000019b8c3a1bfc5 0000000003a85720
0x0000000019e7ee60:   0000000000020338 000000001a026be0
0x0000000019e7ee70:   00000000031063e0 0000000076a8224f
0x0000000019e7ee80:   00000000180755c0 0000000076a8fbfe
0x0000000019e7ee90:   000000001a0279b8 000000001dec7d90
0x0000000019e7eea0:   0000000018076800 000000001e62f0e8 

Instructions: (pc=0x0000000076ae7c6d)
0x0000000076ae7c4d:   0f b7 d8 48 63 c3 0f b7 44 c7 50 48 8b 44 c7 50
0x0000000076ae7c5d:   48 89 44 24 30 f6 d0 48 8b 4c 24 30 a8 01 74 0f
0x0000000076ae7c6d:   48 8b 41 10 48 8b 5c 24 38 48 83 c4 20 5f c3 48
0x0000000076ae7c7d:   8b 5c 24 38 48 83 e1 fe 48 8b c1 48 83 c4 20 5f 


Register to memory mapping:

RAX=0x00000000000000ff is an unknown value
RBX=0x0000000000000000 is an unknown value
RCX=0x0000000000000000 is an unknown value
RDX=0x00000000207b28d8 is pointing into metadata
RSP=0x0000000019e7edb0 is an unknown value
RBP=0x0000000019e7eee0 is an unknown value
RSI=0x000000000000ffff is an unknown value
RDI=0x000000001e62eaf0 is pointing into metadata
R8 =0x0000000002f0cfc0 is an unknown value
R9 =0x0000000000000003 is an unknown value
R10=0x0000000000000003 is an unknown value
R11=0x000000001e62f601 is pointing into metadata
R12=0x0000000019e7ef70 is an unknown value
R13=0x0000000019e7ef60 is an unknown value
R14=0x0000000000000000 is an unknown value
R15=0x0000000000000000 is an unknown value


Stack: [0x0000000019d80000,0x0000000019e80000],  sp=0x0000000019e7edb0,  free space=1019k
Native frames: (J=compiled Java code, j=interpreted, Vv=VM code, C=native code)
V  [jvm.dll+0xf7c6d]
V  [jvm.dll+0x1d53a0]
V  [jvm.dll+0x1d62f2]
V  [jvm.dll+0x1c3cb4]
V  [jvm.dll+0x1c8e47]
V  [jvm.dll+0x1c93bb]
V  [jvm.dll+0x24d5f7]
V  [jvm.dll+0x24c896]
V  [jvm.dll+0x24cd31]
V  [jvm.dll+0x24cf4e]
V  [jvm.dll+0x29fc6a]
C  [msvcr100.dll+0x21d9f]
C  [msvcr100.dll+0x21e3b]
C  [KERNEL32.DLL+0x14034]
C  [ntdll.dll+0x73691]

VM_Operation (0x000000001a86f670): RedefineClasses, mode: safepoint, requested by thread 0x0000000019fbb800, redefining class com.ats.ws.CompanyController



---------------  P R O C E S S  ---------------

Java Threads: ( => current thread )
  0x000000001f399800 JavaThread "DestroyJavaVM" [_thread_blocked, id=3636, stack(0x0000000002db0000,0x0000000002eb0000)]
  0x000000001f394800 JavaThread "http-nio-8090-AsyncTimeout" daemon [_thread_blocked, id=12944, stack(0x00000000218f0000,0x00000000219f0000)]
  0x000000001f391800 JavaThread "http-nio-8090-Acceptor-0" daemon [_thread_in_native, id=2508, stack(0x00000000217f0000,0x00000000218f0000)]
  0x000000001f398000 JavaThread "http-nio-8090-ClientPoller-1" daemon [_thread_in_native, id=4224, stack(0x00000000216f0000,0x00000000217f0000)]
  0x000000001f390800 JavaThread "http-nio-8090-ClientPoller-0" daemon [_thread_in_native, id=9072, stack(0x00000000215f0000,0x00000000216f0000)]
  0x000000001f397800 JavaThread "http-nio-8090-exec-10" daemon [_thread_blocked, id=20764, stack(0x00000000214f0000,0x00000000215f0000)]
  0x000000001f392000 JavaThread "http-nio-8090-exec-9" daemon [_thread_blocked, id=22420, stack(0x00000000213f0000,0x00000000214f0000)]
  0x000000001f390000 JavaThread "http-nio-8090-exec-8" daemon [_thread_blocked, id=768, stack(0x00000000212f0000,0x00000000213f0000)]
  0x000000001f396800 JavaThread "http-nio-8090-exec-7" daemon [_thread_blocked, id=22460, stack(0x00000000211f0000,0x00000000212f0000)]
  0x000000001f396000 JavaThread "http-nio-8090-exec-6" daemon [_thread_blocked, id=17328, stack(0x00000000210f0000,0x00000000211f0000)]
  0x000000001f395000 JavaThread "http-nio-8090-exec-5" daemon [_thread_blocked, id=13736, stack(0x0000000020ff0000,0x00000000210f0000)]
  0x000000001f38f000 JavaThread "http-nio-8090-exec-4" daemon [_thread_blocked, id=2904, stack(0x0000000020ef0000,0x0000000020ff0000)]
  0x000000001f38e800 JavaThread "http-nio-8090-exec-3" daemon [_thread_blocked, id=3220, stack(0x0000000020df0000,0x0000000020ef0000)]
  0x000000001d21e800 JavaThread "http-nio-8090-exec-2" daemon [_thread_blocked, id=10572, stack(0x0000000020cf0000,0x0000000020df0000)]
  0x000000001d21d800 JavaThread "http-nio-8090-exec-1" daemon [_thread_blocked, id=2968, stack(0x0000000020bf0000,0x0000000020cf0000)]
  0x000000001d220800 JavaThread "NioBlockingSelector.BlockPoller-1" daemon [_thread_in_native, id=21508, stack(0x0000000020af0000,0x0000000020bf0000)]
  0x000000001d21f000 JavaThread "Abandoned connection cleanup thread" daemon [_thread_blocked, id=816, stack(0x000000001ee20000,0x000000001ef20000)]
  0x000000001d220000 JavaThread "Tomcat JDBC Pool Cleaner[414493378:1559535882920]" daemon [_thread_blocked, id=5056, stack(0x000000001ed20000,0x000000001ee20000)]
  0x000000001d049000 JavaThread "container-0" [_thread_blocked, id=23128, stack(0x000000001e820000,0x000000001e920000)]
  0x000000001d05f800 JavaThread "ContainerBackgroundProcessor[StandardEngine[Tomcat]]" daemon [_thread_blocked, id=22392, stack(0x000000001e720000,0x000000001e820000)]
  0x000000001b5d1800 JavaThread "Log4j2-TF-6-Scheduled-3" daemon [_thread_blocked, id=3544, stack(0x000000001d920000,0x000000001da20000)]
  0x000000001b7b3000 JavaThread "RMI TCP Accept-0" daemon [_thread_in_native, id=18436, stack(0x000000001bd10000,0x000000001be10000)]
  0x000000001b7ad000 JavaThread "RMI TCP Accept-52872" daemon [_thread_in_native, id=11668, stack(0x000000001bc10000,0x000000001bd10000)]
  0x000000001b79e800 JavaThread "RMI TCP Accept-0" daemon [_thread_in_native, id=18820, stack(0x000000001bb10000,0x000000001bc10000)]
  0x000000001a076800 JavaThread "Service Thread" daemon [_thread_blocked, id=1468, stack(0x000000001b210000,0x000000001b310000)]
  0x0000000019fe6000 JavaThread "C1 CompilerThread3" daemon [_thread_blocked, id=22336, stack(0x000000001b110000,0x000000001b210000)]
  0x0000000019fe5800 JavaThread "C2 CompilerThread2" daemon [_thread_blocked, id=13152, stack(0x000000001b010000,0x000000001b110000)]
  0x0000000019fe3800 JavaThread "C2 CompilerThread1" daemon [_thread_blocked, id=20196, stack(0x000000001af10000,0x000000001b010000)]
  0x0000000019fdd000 JavaThread "C2 CompilerThread0" daemon [_thread_blocked, id=19376, stack(0x000000001ae10000,0x000000001af10000)]
  0x0000000019fd4000 JavaThread "JDWP Command Reader" daemon [_thread_in_native, id=16752, stack(0x000000001ad10000,0x000000001ae10000)]
  0x0000000019fc7000 JavaThread "JDWP Event Helper Thread" daemon [_thread_blocked, id=15384, stack(0x000000001ac10000,0x000000001ad10000)]
  0x0000000019fbb800 JavaThread "JDWP Transport Listener: dt_socket" daemon [_thread_blocked, id=8280, stack(0x000000001a770000,0x000000001a870000)]
  0x0000000019fb2000 JavaThread "Attach Listener" daemon [_thread_blocked, id=12960, stack(0x000000001a670000,0x000000001a770000)]
  0x0000000019fb0000 JavaThread "Signal Dispatcher" daemon [_thread_blocked, id=13168, stack(0x000000001a570000,0x000000001a670000)]
  0x0000000018085000 JavaThread "Finalizer" daemon [_thread_blocked, id=7576, stack(0x000000001a380000,0x000000001a480000)]
  0x000000001807e000 JavaThread "Reference Handler" daemon [_thread_blocked, id=7776, stack(0x0000000019e80000,0x0000000019f80000)]

Other Threads:
=>0x0000000018076800 VMThread [stack: 0x0000000019d80000,0x0000000019e80000] [id=18468]
  0x000000001b7b6800 WatcherThread [stack: 0x000000001be10000,0x000000001bf10000] [id=3488]

VM state:at safepoint (normal execution)

VM Mutex/Monitor currently owned by a thread:  ([mutex/lock_event])
[0x0000000002ee50a0] Threads_lock - owner thread: 0x0000000018076800

heap address: 0x0000000081400000, size: 2028 MB, Compressed Oops mode: 32-bit
Narrow klass base: 0x0000000000000000, Narrow klass shift: 3
Compressed class space size: 1073741824 Address: 0x0000000100000000

Heap:
 PSYoungGen      total 320512K, used 128806K [0x00000000d5c00000, 0x00000000eaf00000, 0x0000000100000000)
  eden space 303616K, 36% used [0x00000000d5c00000,0x00000000dc94daf8,0x00000000e8480000)
  from space 16896K, 99% used [0x00000000e9e80000,0x00000000eaefbee0,0x00000000eaf00000)
  to   space 20992K, 0% used [0x00000000e8600000,0x00000000e8600000,0x00000000e9a80000)
 ParOldGen       total 80384K, used 23854K [0x0000000081400000, 0x0000000086280000, 0x00000000d5c00000)
  object space 80384K, 29% used [0x0000000081400000,0x0000000082b4bbb0,0x0000000086280000)
 Metaspace       used 47550K, capacity 48112K, committed 48600K, reserved 1091584K
  class space    used 6203K, capacity 6318K, committed 6400K, reserved 1048576K

Card table byte_map: [0x0000000012480000,0x0000000012880000] byte_map_base: 0x0000000012076000

Marking Bits: (ParMarkBitMap*) 0x0000000077215ce0
 Begin Bits: [0x0000000013330000, 0x00000000152e0000)
 End Bits:   [0x00000000152e0000, 0x0000000017290000)

Polling page: 0x0000000002eb0000

CodeCache: size=245760Kb used=9914Kb max_used=10008Kb free=235845Kb
 bounds [0x00000000030c0000, 0x0000000003a90000, 0x00000000120c0000]
 total_blobs=5416 nmethods=4854 adapters=482
 compilation: enabled

Compilation events (10 events):
Event: 133.038 Thread 0x0000000019fe6000 4921       1       org.apache.coyote.AbstractProtocol::access$100 (5 bytes)
Event: 133.039 Thread 0x0000000019fe6000 nmethod 4921 0x00000000035b9b10 code [0x00000000035b9c60, 0x00000000035b9d50]
Event: 133.039 Thread 0x0000000019fe6000 4922       1       org.apache.coyote.AbstractProtocol::access$200 (5 bytes)
Event: 133.039 Thread 0x0000000019fe6000 nmethod 4922 0x00000000036664d0 code [0x0000000003666620, 0x0000000003666710]
Event: 136.332 Thread 0x0000000019fe6000 4923       1       sun.nio.ch.SelectorImpl::keys (28 bytes)
Event: 136.332 Thread 0x0000000019fe6000 nmethod 4923 0x00000000035f7a50 code [0x00000000035f7bc0, 0x00000000035f7d98]
Event: 203.071 Thread 0x0000000019fe6000 4924       1       sun.misc.URLClassPath$FileLoader$1::getURL (5 bytes)
Event: 203.071 Thread 0x0000000019fe6000 nmethod 4924 0x000000000375c7d0 code [0x000000000375c920, 0x000000000375ca30]
Event: 212.691 Thread 0x0000000019fe6000 4925       1       org.apache.catalina.webresources.CachedResource::getNextCheck (5 bytes)
Event: 212.691 Thread 0x0000000019fe6000 nmethod 4925 0x000000000375c510 code [0x000000000375c660, 0x000000000375c770]

GC Heap History (10 events):
Event: 2.478 GC heap before
{Heap before GC invocations=8 (full 1):
 PSYoungGen      total 141824K, used 133096K [0x00000000d5c00000, 0x00000000df000000, 0x0000000100000000)
  eden space 133120K, 99% used [0x00000000d5c00000,0x00000000dddfa2d8,0x00000000dde00000)
  from space 8704K, 0% used [0x00000000de780000,0x00000000de780000,0x00000000df000000)
  to   space 9216K, 0% used [0x00000000dde00000,0x00000000dde00000,0x00000000de700000)
 ParOldGen       total 55808K, used 7135K [0x0000000081400000, 0x0000000084a80000, 0x00000000d5c00000)
  object space 55808K, 12% used [0x0000000081400000,0x0000000081af7fe0,0x0000000084a80000)
 Metaspace       used 27077K, capacity 27464K, committed 27776K, reserved 1073152K
  class space    used 3547K, capacity 3644K, committed 3712K, reserved 1048576K
Event: 2.487 GC heap after
Heap after GC invocations=8 (full 1):
 PSYoungGen      total 142336K, used 9187K [0x00000000d5c00000, 0x00000000e4580000, 0x0000000100000000)
  eden space 133120K, 0% used [0x00000000d5c00000,0x00000000d5c00000,0x00000000dde00000)
  from space 9216K, 99% used [0x00000000dde00000,0x00000000de6f8cd8,0x00000000de700000)
  to   space 12288K, 0% used [0x00000000e3980000,0x00000000e3980000,0x00000000e4580000)
 ParOldGen       total 55808K, used 10950K [0x0000000081400000, 0x0000000084a80000, 0x00000000d5c00000)
  object space 55808K, 19% used [0x0000000081400000,0x0000000081eb1be8,0x0000000084a80000)
 Metaspace       used 27077K, capacity 27464K, committed 27776K, reserved 1073152K
  class space    used 3547K, capacity 3644K, committed 3712K, reserved 1048576K
}
Event: 3.286 GC heap before
{Heap before GC invocations=9 (full 1):
 PSYoungGen      total 142336K, used 142307K [0x00000000d5c00000, 0x00000000e4580000, 0x0000000100000000)
  eden space 133120K, 100% used [0x00000000d5c00000,0x00000000dde00000,0x00000000dde00000)
  from space 9216K, 99% used [0x00000000dde00000,0x00000000de6f8cd8,0x00000000de700000)
  to   space 12288K, 0% used [0x00000000e3980000,0x00000000e3980000,0x00000000e4580000)
 ParOldGen       total 55808K, used 10950K [0x0000000081400000, 0x0000000084a80000, 0x00000000d5c00000)
  object space 55808K, 19% used [0x0000000081400000,0x0000000081eb1be8,0x0000000084a80000)
 Metaspace       used 34532K, capacity 34936K, committed 35416K, reserved 1079296K
  class space    used 4517K, capacity 4612K, committed 4736K, reserved 1048576K
Event: 3.296 GC heap after
Heap after GC invocations=9 (full 1):
 PSYoungGen      total 222208K, used 12284K [0x00000000d5c00000, 0x00000000e4900000, 0x0000000100000000)
  eden space 209920K, 0% used [0x00000000d5c00000,0x00000000d5c00000,0x00000000e2900000)
  from space 12288K, 99% used [0x00000000e3980000,0x00000000e457f2e8,0x00000000e4580000)
  to   space 16384K, 0% used [0x00000000e2900000,0x00000000e2900000,0x00000000e3900000)
 ParOldGen       total 55808K, used 16404K [0x0000000081400000, 0x0000000084a80000, 0x00000000d5c00000)
  object space 55808K, 29% used [0x0000000081400000,0x0000000082405308,0x0000000084a80000)
 Metaspace       used 34532K, capacity 34936K, committed 35416K, reserved 1079296K
  class space    used 4517K, capacity 4612K, committed 4736K, reserved 1048576K
}
Event: 3.317 GC heap before
{Heap before GC invocations=10 (full 1):
 PSYoungGen      total 222208K, used 19881K [0x00000000d5c00000, 0x00000000e4900000, 0x0000000100000000)
  eden space 209920K, 3% used [0x00000000d5c00000,0x00000000d636b2e8,0x00000000e2900000)
  from space 12288K, 99% used [0x00000000e3980000,0x00000000e457f2e8,0x00000000e4580000)
  to   space 16384K, 0% used [0x00000000e2900000,0x00000000e2900000,0x00000000e3900000)
 ParOldGen       total 55808K, used 16404K [0x0000000081400000, 0x0000000084a80000, 0x00000000d5c00000)
  object space 55808K, 29% used [0x0000000081400000,0x0000000082405308,0x0000000084a80000)
 Metaspace       used 34801K, capacity 35160K, committed 35416K, reserved 1079296K
  class space    used 4559K, capacity 4644K, committed 4736K, reserved 1048576K
Event: 3.324 GC heap after
Heap after GC invocations=10 (full 1):
 PSYoungGen      total 226304K, used 12547K [0x00000000d5c00000, 0x00000000eaf00000, 0x0000000100000000)
  eden space 209920K, 0% used [0x00000000d5c00000,0x00000000d5c00000,0x00000000e2900000)
  from space 16384K, 76% used [0x00000000e2900000,0x00000000e3540fc8,0x00000000e3900000)
  to   space 16896K, 0% used [0x00000000e9e80000,0x00000000e9e80000,0x00000000eaf00000)
 ParOldGen       total 55808K, used 16404K [0x0000000081400000, 0x0000000084a80000, 0x00000000d5c00000)
  object space 55808K, 29% used [0x0000000081400000,0x0000000082405308,0x0000000084a80000)
 Metaspace       used 34801K, capacity 35160K, committed 35416K, reserved 1079296K
  class space    used 4559K, capacity 4644K, committed 4736K, reserved 1048576K
}
Event: 3.324 GC heap before
{Heap before GC invocations=11 (full 2):
 PSYoungGen      total 226304K, used 12547K [0x00000000d5c00000, 0x00000000eaf00000, 0x0000000100000000)
  eden space 209920K, 0% used [0x00000000d5c00000,0x00000000d5c00000,0x00000000e2900000)
  from space 16384K, 76% used [0x00000000e2900000,0x00000000e3540fc8,0x00000000e3900000)
  to   space 16896K, 0% used [0x00000000e9e80000,0x00000000e9e80000,0x00000000eaf00000)
 ParOldGen       total 55808K, used 16404K [0x0000000081400000, 0x0000000084a80000, 0x00000000d5c00000)
  object space 55808K, 29% used [0x0000000081400000,0x0000000082405308,0x0000000084a80000)
 Metaspace       used 34801K, capacity 35160K, committed 35416K, reserved 1079296K
  class space    used 4559K, capacity 4644K, committed 4736K, reserved 1048576K
Event: 3.364 GC heap after
Heap after GC invocations=11 (full 2):
 PSYoungGen      total 226304K, used 0K [0x00000000d5c00000, 0x00000000eaf00000, 0x0000000100000000)
  eden space 209920K, 0% used [0x00000000d5c00000,0x00000000d5c00000,0x00000000e2900000)
  from space 16384K, 0% used [0x00000000e2900000,0x00000000e2900000,0x00000000e3900000)
  to   space 16896K, 0% used [0x00000000e9e80000,0x00000000e9e80000,0x00000000eaf00000)
 ParOldGen       total 80384K, used 19476K [0x0000000081400000, 0x0000000086280000, 0x00000000d5c00000)
  object space 80384K, 24% used [0x0000000081400000,0x00000000827051d0,0x0000000086280000)
 Metaspace       used 34801K, capacity 35160K, committed 35416K, reserved 1079296K
  class space    used 4559K, capacity 4644K, committed 4736K, reserved 1048576K
}
Event: 4.616 GC heap before
{Heap before GC invocations=12 (full 2):
 PSYoungGen      total 226304K, used 209920K [0x00000000d5c00000, 0x00000000eaf00000, 0x0000000100000000)
  eden space 209920K, 100% used [0x00000000d5c00000,0x00000000e2900000,0x00000000e2900000)
  from space 16384K, 0% used [0x00000000e2900000,0x00000000e2900000,0x00000000e3900000)
  to   space 16896K, 0% used [0x00000000e9e80000,0x00000000e9e80000,0x00000000eaf00000)
 ParOldGen       total 80384K, used 19476K [0x0000000081400000, 0x0000000086280000, 0x00000000d5c00000)
  object space 80384K, 24% used [0x0000000081400000,0x00000000827051d0,0x0000000086280000)
 Metaspace       used 44014K, capacity 44552K, committed 44888K, reserved 1087488K
  class space    used 5743K, capacity 5900K, committed 6016K, reserved 1048576K
Event: 4.629 GC heap after
Heap after GC invocations=12 (full 2):
 PSYoungGen      total 320512K, used 16879K [0x00000000d5c00000, 0x00000000eaf00000, 0x0000000100000000)
  eden space 303616K, 0% used [0x00000000d5c00000,0x00000000d5c00000,0x00000000e8480000)
  from space 16896K, 99% used [0x00000000e9e80000,0x00000000eaefbee0,0x00000000eaf00000)
  to   space 20992K, 0% used [0x00000000e8600000,0x00000000e8600000,0x00000000e9a80000)
 ParOldGen       total 80384K, used 23854K [0x0000000081400000, 0x0000000086280000, 0x00000000d5c00000)
  object space 80384K, 29% used [0x0000000081400000,0x0000000082b4bbb0,0x0000000086280000)
 Metaspace       used 44014K, capacity 44552K, committed 44888K, reserved 1087488K
  class space    used 5743K, capacity 5900K, committed 6016K, reserved 1048576K
}

Deoptimization events (0 events):
No events

Classes redefined (0 events):
No events

Internal exceptions (10 events):
Event: 17.695 Thread 0x000000001d21e800 Exception <a 'java/lang/ClassNotFoundException': org/springframework/web/servlet/support/SessionFlashMapManagerCustomizer> (0x00000000dad246d8) thrown at [C:\re\workspace\8-2-build-windows-amd64-cygwin\jdk8u211\12973\hotspot\src\share\vm\classfile\systemD
Event: 17.696 Thread 0x000000001d21e800 Exception <a 'java/lang/ClassNotFoundException': org/springframework/web/servlet/FlashMapManagerCustomizer> (0x00000000dad44498) thrown at [C:\re\workspace\8-2-build-windows-amd64-cygwin\jdk8u211\12973\hotspot\src\share\vm\classfile\systemDictionary.cpp, 
Event: 17.744 Thread 0x000000001d21e800 Exception <a 'java/lang/ArrayIndexOutOfBoundsException'> (0x00000000db25d180) thrown at [C:\re\workspace\8-2-build-windows-amd64-cygwin\jdk8u211\12973\hotspot\src\share\vm\runtime\sharedRuntime.cpp, line 605]
Event: 17.744 Thread 0x000000001d21e800 Exception <a 'java/lang/ArrayIndexOutOfBoundsException'> (0x00000000db25f008) thrown at [C:\re\workspace\8-2-build-windows-amd64-cygwin\jdk8u211\12973\hotspot\src\share\vm\runtime\sharedRuntime.cpp, line 605]
Event: 17.744 Thread 0x000000001d21e800 Exception <a 'java/lang/ArrayIndexOutOfBoundsException'> (0x00000000db267a28) thrown at [C:\re\workspace\8-2-build-windows-amd64-cygwin\jdk8u211\12973\hotspot\src\share\vm\runtime\sharedRuntime.cpp, line 605]
Event: 17.745 Thread 0x000000001d21e800 Exception <a 'java/lang/ArrayIndexOutOfBoundsException'> (0x00000000db269778) thrown at [C:\re\workspace\8-2-build-windows-amd64-cygwin\jdk8u211\12973\hotspot\src\share\vm\runtime\sharedRuntime.cpp, line 605]
Event: 17.745 Thread 0x000000001d21e800 Exception <a 'java/lang/ArrayIndexOutOfBoundsException'> (0x00000000db271868) thrown at [C:\re\workspace\8-2-build-windows-amd64-cygwin\jdk8u211\12973\hotspot\src\share\vm\runtime\sharedRuntime.cpp, line 605]
Event: 17.771 Thread 0x000000001d21e800 Exception <a 'java/lang/ArrayIndexOutOfBoundsException'> (0x00000000db4c6030) thrown at [C:\re\workspace\8-2-build-windows-amd64-cygwin\jdk8u211\12973\hotspot\src\share\vm\runtime\sharedRuntime.cpp, line 605]
Event: 26.649 Thread 0x000000001f38f000 Exception <a 'java/lang/ArrayIndexOutOfBoundsException'> (0x00000000dbe4cae0) thrown at [C:\re\workspace\8-2-build-windows-amd64-cygwin\jdk8u211\12973\hotspot\src\share\vm\runtime\sharedRuntime.cpp, line 605]
Event: 93.016 Thread 0x000000001f38f000 Exception <a 'java/lang/ArrayIndexOutOfBoundsException'> (0x00000000dbe604b0) thrown at [C:\re\workspace\8-2-build-windows-amd64-cygwin\jdk8u211\12973\hotspot\src\share\vm\runtime\sharedRuntime.cpp, line 605]

Events (10 events):
Event: 133.039 Thread 0x0000000019fe6000 flushing nmethod 0x0000000003973090
Event: 182.690 loading class org/apache/catalina/Session
Event: 182.690 loading class org/apache/catalina/Session done
Event: 182.690 Thread 0x000000001d05f800 DEOPT PACKING pc=0x00000000032b3809 sp=0x000000001e81d810
Event: 182.690 Thread 0x000000001d05f800 DEOPT UNPACKING pc=0x0000000003107890 sp=0x000000001e81d560 mode 1
Event: 182.690 Thread 0x000000001d05f800 DEOPT PACKING pc=0x00000000036870b4 sp=0x000000001e81d890
Event: 182.690 Thread 0x000000001d05f800 DEOPT UNPACKING pc=0x0000000003107890 sp=0x000000001e81d6a0 mode 1
Event: 182.690 Thread 0x000000001d05f800 DEOPT PACKING pc=0x0000000003686ffc sp=0x000000001e81da10
Event: 182.690 Thread 0x000000001d05f800 DEOPT UNPACKING pc=0x0000000003107890 sp=0x000000001e81d820 mode 1
Event: 238.974 Executing VM operation: RedefineClasses


Dynamic libraries:
0x00007ff6881b0000 - 0x00007ff6881e7000 	C:\Program Files\Java\jre1.8.0_211\bin\javaw.exe
0x00007ff877a30000 - 0x00007ff877c11000 	C:\WINDOWS\SYSTEM32\ntdll.dll
0x00007ff874ec0000 - 0x00007ff874f71000 	C:\WINDOWS\System32\KERNEL32.DLL
0x00007ff874390000 - 0x00007ff874603000 	C:\WINDOWS\System32\KERNELBASE.dll
0x00007ff876010000 - 0x00007ff8760b1000 	C:\WINDOWS\System32\ADVAPI32.dll
0x00007ff8755e0000 - 0x00007ff87567e000 	C:\WINDOWS\System32\msvcrt.dll
0x00007ff875680000 - 0x00007ff8756db000 	C:\WINDOWS\System32\sechost.dll
0x00007ff875330000 - 0x00007ff875454000 	C:\WINDOWS\System32\RPCRT4.dll
0x00007ff875e00000 - 0x00007ff875f90000 	C:\WINDOWS\System32\USER32.dll
0x00007ff873f00000 - 0x00007ff873f20000 	C:\WINDOWS\System32\win32u.dll
0x00007ff875300000 - 0x00007ff875328000 	C:\WINDOWS\System32\GDI32.dll
0x00007ff874610000 - 0x00007ff8747a2000 	C:\WINDOWS\System32\gdi32full.dll
0x00007ff8742f0000 - 0x00007ff87438f000 	C:\WINDOWS\System32\msvcp_win.dll
0x00007ff873e00000 - 0x00007ff873ef8000 	C:\WINDOWS\System32\ucrtbase.dll
0x00007ff85efb0000 - 0x00007ff85f219000 	C:\WINDOWS\WinSxS\amd64_microsoft.windows.common-controls_6595b64144ccf1df_6.0.17134.765_none_fb42a1a930655896\COMCTL32.dll
0x00007ff8756e0000 - 0x00007ff875a02000 	C:\WINDOWS\System32\combase.dll
0x00007ff874270000 - 0x00007ff8742ea000 	C:\WINDOWS\System32\bcryptPrimitives.dll
0x00007ff875a90000 - 0x00007ff875abd000 	C:\WINDOWS\System32\IMM32.DLL
0x00000000504e0000 - 0x00000000505b2000 	C:\Program Files\Java\jre1.8.0_211\bin\msvcr100.dll
0x00000000769f0000 - 0x0000000077295000 	C:\Program Files\Java\jre1.8.0_211\bin\server\jvm.dll
0x00007ff8750f0000 - 0x00007ff8750f8000 	C:\WINDOWS\System32\PSAPI.DLL
0x00007ff85b430000 - 0x00007ff85b439000 	C:\WINDOWS\SYSTEM32\WSOCK32.dll
0x00007ff8717c0000 - 0x00007ff8717e3000 	C:\WINDOWS\SYSTEM32\WINMM.dll
0x00007ff865dd0000 - 0x00007ff865dda000 	C:\WINDOWS\SYSTEM32\VERSION.dll
0x00007ff874f90000 - 0x00007ff874ffc000 	C:\WINDOWS\System32\WS2_32.dll
0x00007ff871710000 - 0x00007ff87173a000 	C:\WINDOWS\SYSTEM32\WINMMBASE.dll
0x00007ff874220000 - 0x00007ff874269000 	C:\WINDOWS\System32\cfgmgr32.dll
0x00007ff86f170000 - 0x00007ff86f17f000 	C:\Program Files\Java\jre1.8.0_211\bin\verify.dll
0x00007ff84b190000 - 0x00007ff84b1b9000 	C:\Program Files\Java\jre1.8.0_211\bin\java.dll
0x00007ff86d9a0000 - 0x00007ff86d9d5000 	C:\Program Files\Java\jre1.8.0_211\bin\jdwp.dll
0x00007ff871910000 - 0x00007ff871918000 	C:\Program Files\Java\jre1.8.0_211\bin\npt.dll
0x00007ff8524c0000 - 0x00007ff8524d6000 	C:\Program Files\Java\jre1.8.0_211\bin\zip.dll
0x00007ff8765c0000 - 0x00007ff877a00000 	C:\WINDOWS\System32\SHELL32.dll
0x00007ff876510000 - 0x00007ff8765b9000 	C:\WINDOWS\System32\shcore.dll
0x00007ff8747b0000 - 0x00007ff874ebd000 	C:\WINDOWS\System32\windows.storage.dll
0x00007ff875fb0000 - 0x00007ff876001000 	C:\WINDOWS\System32\shlwapi.dll
0x00007ff873d40000 - 0x00007ff873d51000 	C:\WINDOWS\System32\kernel.appcore.dll
0x00007ff873de0000 - 0x00007ff873dff000 	C:\WINDOWS\System32\profapi.dll
0x00007ff873d90000 - 0x00007ff873ddc000 	C:\WINDOWS\System32\powrprof.dll
0x00007ff873d60000 - 0x00007ff873d6a000 	C:\WINDOWS\System32\FLTLIB.DLL
0x00007ff86d990000 - 0x00007ff86d999000 	C:\Program Files\Java\jre1.8.0_211\bin\dt_socket.dll
0x00007ff84f490000 - 0x00007ff84f4a6000 	C:\WINDOWS\system32\napinsp.dll
0x00007ff84c900000 - 0x00007ff84c91a000 	C:\WINDOWS\system32\pnrpnsp.dll
0x00007ff86fdb0000 - 0x00007ff86fdc9000 	C:\WINDOWS\system32\NLAapi.dll
0x00007ff873560000 - 0x00007ff8735c6000 	C:\WINDOWS\System32\mswsock.dll
0x00007ff873320000 - 0x00007ff8733de000 	C:\WINDOWS\SYSTEM32\DNSAPI.dll
0x00007ff874f80000 - 0x00007ff874f88000 	C:\WINDOWS\System32\NSI.dll
0x00007ff8732e0000 - 0x00007ff873318000 	C:\WINDOWS\SYSTEM32\IPHLPAPI.DLL
0x00007ff85e360000 - 0x00007ff85e36e000 	C:\WINDOWS\System32\winrnr.dll
0x00007ff86bd70000 - 0x00007ff86bd85000 	C:\WINDOWS\System32\wshbth.dll
0x0000000050030000 - 0x0000000050056000 	C:\Program Files\Bonjour\mdnsNSP.dll
0x00007ff869f20000 - 0x00007ff869f92000 	C:\WINDOWS\System32\fwpuclnt.dll
0x00007ff873840000 - 0x00007ff873865000 	C:\WINDOWS\SYSTEM32\bcrypt.dll
0x00007ff869490000 - 0x00007ff86949a000 	C:\Windows\System32\rasadhlp.dll
0x00007ff863f40000 - 0x00007ff863f4d000 	C:\Program Files\Java\jre1.8.0_211\bin\management.dll
0x00007ff84a2a0000 - 0x00007ff84a2ba000 	C:\Program Files\Java\jre1.8.0_211\bin\net.dll
0x00007ff866c80000 - 0x00007ff866e48000 	C:\WINDOWS\SYSTEM32\urlmon.dll
0x00007ff865f70000 - 0x00007ff866217000 	C:\WINDOWS\SYSTEM32\iertutil.dll
0x00007ff873730000 - 0x00007ff87373b000 	C:\WINDOWS\SYSTEM32\CRYPTBASE.DLL
0x00007ff847cc0000 - 0x00007ff847cd2000 	C:\Program Files\Java\jre1.8.0_211\bin\nio.dll
0x00007ff873710000 - 0x00007ff873727000 	C:\WINDOWS\SYSTEM32\CRYPTSP.dll
0x00007ff873140000 - 0x00007ff873173000 	C:\WINDOWS\system32\rsaenh.dll
0x00007ff873c40000 - 0x00007ff873c68000 	C:\WINDOWS\SYSTEM32\USERENV.dll
0x00007ff86e190000 - 0x00007ff86e1a6000 	C:\WINDOWS\SYSTEM32\dhcpcsvc6.DLL
0x00007ff86e080000 - 0x00007ff86e09a000 	C:\WINDOWS\SYSTEM32\dhcpcsvc.DLL
0x00007ff8727e0000 - 0x00007ff8729a9000 	C:\WINDOWS\SYSTEM32\dbghelp.dll

VM Arguments:
jvm_args: -agentlib:jdwp=transport=dt_socket,suspend=y,address=localhost:52873 -Dcom.sun.management.jmxremote -Dcom.sun.management.jmxremote.port=52872 -Dcom.sun.management.jmxremote.authenticate=false -Dcom.sun.management.jmxremote.ssl=false -Djava.rmi.server.hostname=localhost -Dspring.jmx.enabled=true -Dspring.application.admin.enabled=true -Xverify:none -XX:TieredStopAtLevel=1 -Dfile.encoding=UTF-8 
java_command: com.ats.ATSApplication
java_class_path (initial): D:\CapstoneProject\ATS\target\classes;C:\Users\anndse62428\.m2\repository\org\springframework\boot\spring-boot-starter-aop\1.5.8.RELEASE\spring-boot-starter-aop-1.5.8.RELEASE.jar;C:\Users\anndse62428\.m2\repository\org\springframework\spring-aop\4.3.12.RELEASE\spring-aop-4.3.12.RELEASE.jar;C:\Users\anndse62428\.m2\repository\org\springframework\spring-beans\4.3.12.RELEASE\spring-beans-4.3.12.RELEASE.jar;C:\Users\anndse62428\.m2\repository\org\aspectj\aspectjweaver\1.8.11\aspectjweaver-1.8.11.jar;C:\Users\anndse62428\.m2\repository\org\springframework\boot\spring-boot-starter-data-jpa\1.5.8.RELEASE\spring-boot-starter-data-jpa-1.5.8.RELEASE.jar;C:\Users\anndse62428\.m2\repository\org\springframework\boot\spring-boot-starter-jdbc\1.5.8.RELEASE\spring-boot-starter-jdbc-1.5.8.RELEASE.jar;C:\Users\anndse62428\.m2\repository\org\apache\tomcat\tomcat-jdbc\8.5.23\tomcat-jdbc-8.5.23.jar;C:\Users\anndse62428\.m2\repository\org\apache\tomcat\tomcat-juli\8.5.23\tomcat-juli-8.5.23.jar;C:\Users\anndse62428\.m2\repository\org\springframework\spring-jdbc\4.3.12.RELEASE\spring-jdbc-4.3.12.RELEASE.jar;C:\Users\anndse62428\.m2\repository\org\hibernate\hibernate-core\5.0.12.Final\hibernate-core-5.0.12.Final.jar;C:\Users\anndse62428\.m2\repository\org\hibernate\javax\persistence\hibernate-jpa-2.1-api\1.0.0.Final\hibernate-jpa-2.1-api-1.0.0.Final.jar;C:\Users\anndse62428\.m2\repository\org\javassist\javassist\3.21.0-GA\javassist-3.21.0-GA.jar;C:\Users\anndse62428\.m2\repository\antlr\antlr\2.7.7\antlr-2.7.7.jar;C:\Users\anndse62428\.m2\repository\org\jboss\jandex\2.0.0.Final\jandex-2.0.0.Final.jar;C:\Users\anndse62428\.m2\repository\dom4j\dom4j\1.6.1\dom4j-1.6.1.jar;C:\Users\anndse62428\.m2\repository\org\hibernate\common\hibernate-commons-annotations\5.0.1.Final\hibernate-commons-annotations-5.0.1.Final.jar;C:\Users\anndse62428\.m2\repository\org\hibernate\hibernate-entitymanager\5.0.12.Final\hibernate-entitymanager-5.0.12.Final.jar;C:\Users\anndse62428\.m2\
Launcher Type: SUN_STANDARD

Environment Variables:
JAVA_HOME=C:\Program Files\Java\jdk1.8.0_201
PATH=C:/Program Files/Java/jre1.8.0_211/bin/server;C:/Program Files/Java/jre1.8.0_211/bin;C:/Program Files/Java/jre1.8.0_211/lib/amd64;C:\Program Files (x86)\Common Files\Oracle\Java\javapath;C:\WINDOWS\system32;C:\WINDOWS;C:\WINDOWS\System32\Wbem;C:\WINDOWS\System32\WindowsPowerShell\v1.0\;C:\WINDOWS\System32\OpenSSH\;C:\Program Files\Microsoft SQL Server\120\Tools\Binn\;C:\Program Files\Microsoft SQL Server\Client SDK\ODBC\110\Tools\Binn\;C:\Program Files (x86)\Microsoft SQL Server\120\Tools\Binn\;C:\Program Files\Microsoft SQL Server\120\DTS\Binn\;C:\Program Files (x86)\Microsoft SQL Server\120\Tools\Binn\ManagementStudio\;C:\Program Files (x86)\Microsoft SQL Server\120\DTS\Binn\;C:\Program Files\nodejs\;C:\Program Files\Git\cmd;C:\Programming\Python\Python36\Scripts\;C:\Programming\Python\Python36\;C:\Users\anndse62428\AppData\Local\Microsoft\WindowsApps;C:\Users\anndse62428\AppData\Local\Programs\Microsoft VS Code\bin;C:\Users\anndse62428\AppData\Roaming\npm;C:\Users\anndse62428\AppData\Local\GitHubDesktop\bin;C:\WINDOWS\System32;
USERNAME=anndse62428
OS=Windows_NT
PROCESSOR_IDENTIFIER=Intel64 Family 6 Model 142 Stepping 10, GenuineIntel



---------------  S Y S T E M  ---------------

OS: Windows 10.0 , 64 bit Build 17134 (10.0.17134.753)

CPU:total 8 (initial active 8) (4 cores per cpu, 2 threads per core) family 6 model 142 stepping 10, cmov, cx8, fxsr, mmx, sse, sse2, sse3, ssse3, sse4.1, sse4.2, popcnt, avx, avx2, aes, clmul, erms, 3dnowpref, lzcnt, ht, tsc, tscinvbit, bmi1, bmi2, adx

Memory: 4k page, physical 8303528k(1763016k free), swap 14332840k(2860308k free)

vm_info: Java HotSpot(TM) 64-Bit Server VM (25.211-b12) for windows-amd64 JRE (1.8.0_211-b12), built on Apr  1 2019 20:53:26 by "java_re" with MS VC++ 10.0 (VS2010)

time: Mon Jun 03 11:28:38 2019
timezone: SE Asia Standard Time
elapsed time: 239 seconds (0d 0h 3m 59s)

